  main.cpp
D:\Університет\Алгоритмізація та програмування\II semester\IRP\IRP_1\IRP_1\main.cpp(29,3): warning C4996: 'strcpy': This function or variable may be unsafe. Consider using strcpy_s instead. To disable deprecation, use _CRT_SECURE_NO_WARNINGS. See online help for details.
D:\Університет\Алгоритмізація та програмування\II semester\IRP\IRP_1\IRP_1\main.cpp(80,4): warning C4996: 'strcpy': This function or variable may be unsafe. Consider using strcpy_s instead. To disable deprecation, use _CRT_SECURE_NO_WARNINGS. See online help for details.
D:\Університет\Алгоритмізація та програмування\II semester\IRP\IRP_1\IRP_1\main.cpp(81,4): warning C4996: 'strcpy': This function or variable may be unsafe. Consider using strcpy_s instead. To disable deprecation, use _CRT_SECURE_NO_WARNINGS. See online help for details.
D:\Університет\Алгоритмізація та програмування\II semester\IRP\IRP_1\IRP_1\main.cpp(83,4): warning C4996: 'strcpy': This function or variable may be unsafe. Consider using strcpy_s instead. To disable deprecation, use _CRT_SECURE_NO_WARNINGS. See online help for details.
D:\Університет\Алгоритмізація та програмування\II semester\IRP\IRP_1\IRP_1\main.cpp(136,3): warning C4996: 'strncat': This function or variable may be unsafe. Consider using strncat_s instead. To disable deprecation, use _CRT_SECURE_NO_WARNINGS. See online help for details.
D:\Університет\Алгоритмізація та програмування\II semester\IRP\IRP_1\IRP_1\main.cpp(186,4): warning C4996: 'strcpy': This function or variable may be unsafe. Consider using strcpy_s instead. To disable deprecation, use _CRT_SECURE_NO_WARNINGS. See online help for details.
D:\Університет\Алгоритмізація та програмування\II semester\IRP\IRP_1\IRP_1\main.cpp(287,23): warning C4018: <: несоответствие типов со знаком и без знака
D:\Університет\Алгоритмізація та програмування\II semester\IRP\IRP_1\IRP_1\main.cpp(295,18): warning C4244: =: преобразование "double" в "float", возможна потеря данных
D:\Університет\Алгоритмізація та програмування\II semester\IRP\IRP_1\IRP_1\main.cpp(249,16): warning C4996: 'fopen': This function or variable may be unsafe. Consider using fopen_s instead. To disable deprecation, use _CRT_SECURE_NO_WARNINGS. See online help for details.
D:\Університет\Алгоритмізація та програмування\II semester\IRP\IRP_1\IRP_1\main.cpp(277,16): warning C4996: 'strdup': The POSIX name for this item is deprecated. Instead, use the ISO C and C++ conformant name: _strdup. See online help for details.
D:\Університет\Алгоритмізація та програмування\II semester\IRP\IRP_1\IRP_1\main.cpp(278,17): warning C4996: 'strdup': The POSIX name for this item is deprecated. Instead, use the ISO C and C++ conformant name: _strdup. See online help for details.
D:\Університет\Алгоритмізація та програмування\II semester\IRP\IRP_1\IRP_1\main.cpp(279,11): warning C4996: 'strtok': This function or variable may be unsafe. Consider using strtok_s instead. To disable deprecation, use _CRT_SECURE_NO_WARNINGS. See online help for details.
D:\Університет\Алгоритмізація та програмування\II semester\IRP\IRP_1\IRP_1\main.cpp(305,12): warning C4996: 'strtok': This function or variable may be unsafe. Consider using strtok_s instead. To disable deprecation, use _CRT_SECURE_NO_WARNINGS. See online help for details.
D:\Університет\Алгоритмізація та програмування\II semester\IRP\IRP_1\IRP_1\main.cpp(490,16): warning C4244: =: преобразование "float" в "int", возможна потеря данных
D:\Університет\Алгоритмізація та програмування\II semester\IRP\IRP_1\IRP_1\main.cpp(612,7): warning C4996: 'getch': The POSIX name for this item is deprecated. Instead, use the ISO C and C++ conformant name: _getch. See online help for details.
D:\Університет\Алгоритмізація та програмування\II semester\IRP\IRP_1\IRP_1\main.cpp(618,8): warning C4996: 'getch': The POSIX name for this item is deprecated. Instead, use the ISO C and C++ conformant name: _getch. See online help for details.
D:\Університет\Алгоритмізація та програмування\II semester\IRP\IRP_1\IRP_1\main.cpp(635,8): warning C4996: 'getch': The POSIX name for this item is deprecated. Instead, use the ISO C and C++ conformant name: _getch. See online help for details.
D:\Університет\Алгоритмізація та програмування\II semester\IRP\IRP_1\IRP_1\main.cpp(652,8): warning C4996: 'getch': The POSIX name for this item is deprecated. Instead, use the ISO C and C++ conformant name: _getch. See online help for details.
D:\Університет\Алгоритмізація та програмування\II semester\IRP\IRP_1\IRP_1\main.cpp(669,8): warning C4996: 'getch': The POSIX name for this item is deprecated. Instead, use the ISO C and C++ conformant name: _getch. See online help for details.
D:\Університет\Алгоритмізація та програмування\II semester\IRP\IRP_1\IRP_1\main.cpp(686,8): warning C4996: 'getch': The POSIX name for this item is deprecated. Instead, use the ISO C and C++ conformant name: _getch. See online help for details.
  IRP_1.vcxproj -> D:\Університет\Алгоритмізація та програмування\II semester\IRP\IRP_1\Debug\IRP_1.exe
